2022/07/06 17:20:44.802 [D] [value.go:543]  è§£æbodyè·å¾—data []
2022/07/06 17:20:44.802 [D] [value.go:543]  ä¿å­˜åçš„ç»“æ„ä½“ { }
2022/07/06 17:22:53.652 [D] [value.go:543]  è§£æbodyè·å¾—data []
2022/07/06 17:22:53.652 [D] [value.go:543]  ä¿å­˜åçš„ç»“æ„ä½“  
2022/07/06 17:23:51.990 [D] [value.go:543]  è§£æbodyè·å¾—data []
2022/07/06 17:23:51.990 [D] [value.go:543]  ä¿å­˜åçš„ç»“æ„ä½“  
2022/07/06 17:30:16.428 [D] [value.go:543]  è§£æbodyè·å¾—data []
2022/07/06 17:30:16.429 [D] [value.go:543]  ä¿å­˜åçš„ç»“æ„ä½“  
2022/07/06 17:32:00.258 [D] [value.go:543]  è§£æbodyè·å¾—data []
2022/07/06 17:32:00.260 [D] [value.go:543]  ä¿å­˜åçš„ç»“æ„ä½“  
2022/07/06 17:33:16.500 [D] [value.go:543]  è§£æbodyè·å¾—data []
2022/07/06 17:33:16.501 [D] [value.go:543]  ä¿å­˜åçš„ç»“æ„ä½“  
2022/07/06 17:34:18.610 [D] [value.go:543]  è§£æbodyè·å¾—data []
2022/07/06 17:34:18.611 [D] [value.go:543]  ä¿å­˜åçš„ç»“æ„ä½“  
2022/07/06 17:34:52.279 [D] [value.go:543]  è§£æbodyè·å¾—data []
2022/07/06 17:34:52.279 [D] [value.go:543]  ä¿å­˜åçš„ç»“æ„ä½“  
2022/07/06 17:39:54.571 [D] [value.go:543]  è§£æbodyè·å¾—data []
2022/07/06 17:39:54.572 [D] [value.go:543]  ä¿å­˜åçš„ç»“æ„ä½“  
2022/07/06 17:47:14.957 [D] [value.go:543]  è§£æbodyè·å¾—data []
2022/07/06 17:47:14.957 [D] [value.go:543]  ä¿å­˜åçš„ç»“æ„ä½“  
2022/07/06 17:48:15.702 [D] [value.go:543]  è§£æbodyè·å¾—data []
2022/07/06 17:48:15.703 [D] [value.go:543]  ä¿å­˜åçš„ç»“æ„ä½“  
2022/07/06 17:48:42.200 [D] [value.go:543]  è§£æbodyè·å¾—data []
2022/07/06 17:48:42.201 [D] [value.go:543]  ä¿å­˜åçš„ç»“æ„ä½“  
2022/07/06 17:54:46.369 [D] [value.go:543]  è§£æbodyè·å¾—data []
2022/07/06 17:54:46.370 [D] [value.go:543]  ä¿å­˜åçš„ç»“æ„ä½“  
2022/07/06 17:55:50.674 [D] [value.go:543]  è§£æbodyè·å¾—data []
2022/07/06 17:55:50.675 [D] [value.go:543]  ä¿å­˜åçš„ç»“æ„ä½“  
2022/07/06 17:56:57.533 [D] [value.go:543]  è§£æbodyè·å¾—data []
2022/07/06 17:56:57.534 [D] [value.go:543]  ä¿å­˜åçš„ç»“æ„ä½“  
2022/07/06 18:03:01.775 [D] [value.go:543]  è§£æbodyè·å¾—data []
2022/07/06 18:03:01.776 [D] [value.go:543]  ä¿å­˜åçš„ç»“æ„ä½“  
2022/07/06 18:07:24.973 [D] [value.go:543]  ä¿å­˜åçš„ç»“æ„ä½“ dsadsad dsadsadsa
2022/07/06 18:14:17.771 [D] [value.go:543]  è§£æbodyè·å¾—data []
2022/07/06 18:14:17.771 [D] [value.go:543]  ä¿å­˜åçš„ç»“æ„ä½“  
2022/07/06 18:25:20.984 [D] [value.go:543]  è§£æbodyè·å¾—data []
2022/07/06 18:25:20.984 [D] [value.go:543]  ä¿å­˜åçš„ç»“æ„ä½“  
2022/07/06 18:38:56.109 [D] [value.go:543]  è§£æbodyè·å¾—data []
2022/07/06 18:38:56.109 [D] [value.go:543]  ä¿å­˜åçš„ç»“æ„ä½“  
2022/07/06 18:38:59.043 [D] [value.go:543]  è§£æbodyè·å¾—data []
2022/07/06 18:38:59.044 [D] [value.go:543]  ä¿å­˜åçš„ç»“æ„ä½“  
2022/07/06 18:39:00.989 [D] [value.go:543]  è§£æbodyè·å¾—data []
2022/07/06 18:39:00.990 [D] [value.go:543]  ä¿å­˜åçš„ç»“æ„ä½“  
2022/07/06 18:39:02.711 [D] [value.go:543]  è§£æbodyè·å¾—data []
2022/07/06 18:39:02.711 [D] [value.go:543]  ä¿å­˜åçš„ç»“æ„ä½“  
2022/07/06 18:40:35.344 [D] [value.go:543]  è§£æbodyè·å¾—data []
2022/07/06 18:40:35.344 [D] [value.go:543]  ä¿å­˜åçš„ç»“æ„ä½“  
2022/07/06 18:40:37.018 [D] [value.go:543]  è§£æbodyè·å¾—data []
2022/07/06 18:40:37.018 [D] [value.go:543]  ä¿å­˜åçš„ç»“æ„ä½“  
2022/07/06 18:40:38.194 [D] [value.go:543]  è§£æbodyè·å¾—data []
2022/07/06 18:40:38.194 [D] [value.go:543]  ä¿å­˜åçš„ç»“æ„ä½“  
2022/07/06 18:40:39.074 [D] [value.go:543]  è§£æbodyè·å¾—data []
2022/07/06 18:40:39.075 [D] [value.go:543]  ä¿å­˜åçš„ç»“æ„ä½“  
2022/07/06 18:41:37.409 [D] [value.go:543]  è§£æbodyè·å¾—data []
2022/07/06 18:41:37.410 [D] [value.go:543]  ä¿å­˜åçš„ç»“æ„ä½“  
2022/07/06 18:41:38.488 [D] [value.go:543]  è§£æbodyè·å¾—data []
2022/07/06 18:41:38.488 [D] [value.go:543]  ä¿å­˜åçš„ç»“æ„ä½“  
2022/07/06 18:41:39.817 [D] [value.go:543]  è§£æbodyè·å¾—data []
2022/07/06 18:41:39.818 [D] [value.go:543]  ä¿å­˜åçš„ç»“æ„ä½“  
2022/07/06 18:41:40.360 [D] [value.go:543]  è§£æbodyè·å¾—data []
2022/07/06 18:41:40.361 [D] [value.go:543]  ä¿å­˜åçš„ç»“æ„ä½“  
2022/07/06 18:41:43.042 [D] [value.go:543]  è§£æbodyè·å¾—data []
2022/07/06 18:41:43.042 [D] [value.go:543]  ä¿å­˜åçš„ç»“æ„ä½“  
2022/07/06 18:43:45.732 [D] [value.go:543]  è§£æbodyè·å¾—data []
2022/07/06 18:43:45.733 [D] [value.go:543]  ä¿å­˜åçš„ç»“æ„ä½“  
2022/07/06 18:43:47.488 [D] [value.go:543]  è§£æbodyè·å¾—data []
2022/07/06 18:43:47.489 [D] [value.go:543]  ä¿å­˜åçš„ç»“æ„ä½“  
2022/07/06 18:43:48.025 [D] [value.go:543]  è§£æbodyè·å¾—data []
2022/07/06 18:43:48.025 [D] [value.go:543]  ä¿å­˜åçš„ç»“æ„ä½“  
2022/07/06 18:43:48.477 [D] [value.go:543]  è§£æbodyè·å¾—data []
2022/07/06 18:43:48.478 [D] [value.go:543]  ä¿å­˜åçš„ç»“æ„ä½“  
2022/07/06 18:43:48.900 [D] [value.go:543]  è§£æbodyè·å¾—data []
2022/07/06 18:43:48.901 [D] [value.go:543]  ä¿å­˜åçš„ç»“æ„ä½“  
2022/07/06 18:43:49.313 [D] [value.go:543]  è§£æbodyè·å¾—data []
2022/07/06 18:43:49.313 [D] [value.go:543]  ä¿å­˜åçš„ç»“æ„ä½“  
2022/07/06 18:43:49.716 [D] [value.go:543]  è§£æbodyè·å¾—data []
2022/07/06 18:43:49.717 [D] [value.go:543]  ä¿å­˜åçš„ç»“æ„ä½“  
2022/07/06 18:43:50.118 [D] [value.go:543]  è§£æbodyè·å¾—data []
2022/07/06 18:43:50.119 [D] [value.go:543]  ä¿å­˜åçš„ç»“æ„ä½“  
2022/07/06 18:43:50.506 [D] [value.go:543]  è§£æbodyè·å¾—data []
2022/07/06 18:43:50.506 [D] [value.go:543]  ä¿å­˜åçš„ç»“æ„ä½“  
2022/07/06 18:43:50.921 [D] [value.go:543]  è§£æbodyè·å¾—data []
2022/07/06 18:43:50.921 [D] [value.go:543]  ä¿å­˜åçš„ç»“æ„ä½“  
2022/07/06 18:45:18.184 [D] [value.go:543]  è§£æbodyè·å¾—data [123 34 97 99 99 111 117 110 116 34 58 34 100 115 97 100 115 97 100 115 97 34 44 34 112 97 115 115 119 111 114 100 34 58 34 100 115 100 97 115 100 115 97 100 115 97 100 97 34 125]
2022/07/06 18:45:18.184 [D] [value.go:543]  ä¿å­˜åçš„ç»“æ„ä½“ dsadsadsa dsdasdsadsada
2022/07/06 18:46:56.531 [D] [value.go:543]  è§£æbodyè·å¾—data []
2022/07/06 18:46:56.532 [D] [value.go:543]  ä¿å­˜åçš„ç»“æ„ä½“  
2022/07/06 18:46:57.576 [D] [value.go:543]  è§£æbodyè·å¾—data []
2022/07/06 18:46:57.577 [D] [value.go:543]  ä¿å­˜åçš„ç»“æ„ä½“  
2022/07/06 18:47:07.416 [D] [value.go:543]  è§£æbodyè·å¾—data []
2022/07/06 18:47:07.416 [D] [value.go:543]  ä¿å­˜åçš„ç»“æ„ä½“  
2022/07/06 18:47:07.976 [D] [value.go:543]  è§£æbodyè·å¾—data []
2022/07/06 18:47:07.977 [D] [value.go:543]  ä¿å­˜åçš„ç»“æ„ä½“  
2022/07/06 18:47:08.786 [D] [value.go:543]  è§£æbodyè·å¾—data []
2022/07/06 18:47:08.787 [D] [value.go:543]  ä¿å­˜åçš„ç»“æ„ä½“  
2022/07/06 18:47:09.651 [D] [value.go:543]  è§£æbodyè·å¾—data []
2022/07/06 18:47:09.652 [D] [value.go:543]  ä¿å­˜åçš„ç»“æ„ä½“  
2022/07/06 18:47:17.303 [D] [value.go:543]  è§£æbodyè·å¾—data []
2022/07/06 18:47:17.304 [D] [value.go:543]  ä¿å­˜åçš„ç»“æ„ä½“  
2022/07/06 18:47:18.017 [D] [value.go:543]  è§£æbodyè·å¾—data []
2022/07/06 18:47:18.018 [D] [value.go:543]  ä¿å­˜åçš„ç»“æ„ä½“  
2022/07/06 18:47:18.604 [D] [value.go:543]  è§£æbodyè·å¾—data []
2022/07/06 18:47:18.605 [D] [value.go:543]  ä¿å­˜åçš„ç»“æ„ä½“  
2022/07/06 18:47:19.144 [D] [value.go:543]  è§£æbodyè·å¾—data []
2022/07/06 18:47:19.145 [D] [value.go:543]  ä¿å­˜åçš„ç»“æ„ä½“  
2022/07/06 18:47:36.238 [D] [value.go:543]  è§£æbodyè·å¾—data []
2022/07/06 18:47:36.238 [D] [value.go:543]  ä¿å­˜åçš„ç»“æ„ä½“  
2022/07/06 18:47:37.258 [D] [value.go:543]  è§£æbodyè·å¾—data []
2022/07/06 18:47:37.259 [D] [value.go:543]  ä¿å­˜åçš„ç»“æ„ä½“  
2022/07/06 18:47:37.997 [D] [value.go:543]  è§£æbodyè·å¾—data []
2022/07/06 18:47:37.998 [D] [value.go:543]  ä¿å­˜åçš„ç»“æ„ä½“  
2022/07/06 18:47:38.937 [D] [value.go:543]  è§£æbodyè·å¾—data []
2022/07/06 18:47:38.938 [D] [value.go:543]  ä¿å­˜åçš„ç»“æ„ä½“  
2022/07/06 18:47:39.578 [D] [value.go:543]  è§£æbodyè·å¾—data []
2022/07/06 18:47:39.578 [D] [value.go:543]  ä¿å­˜åçš„ç»“æ„ä½“  
2022/07/06 18:47:49.535 [D] [value.go:543]  è§£æbodyè·å¾—data []
2022/07/06 18:47:49.536 [D] [value.go:543]  ä¿å­˜åçš„ç»“æ„ä½“  
2022/07/06 18:47:50.783 [D] [value.go:543]  è§£æbodyè·å¾—data []
2022/07/06 18:47:50.784 [D] [value.go:543]  ä¿å­˜åçš„ç»“æ„ä½“  
2022/07/06 18:48:03.265 [D] [value.go:543]  è§£æbodyè·å¾—data []
2022/07/06 18:48:03.265 [D] [value.go:543]  ä¿å­˜åçš„ç»“æ„ä½“  
2022/07/06 18:48:04.493 [D] [value.go:543]  è§£æbodyè·å¾—data []
2022/07/06 18:48:04.494 [D] [value.go:543]  ä¿å­˜åçš„ç»“æ„ä½“  
2022/07/06 18:48:12.793 [D] [value.go:543]  è§£æbodyè·å¾—data []
2022/07/06 18:48:12.793 [D] [value.go:543]  ä¿å­˜åçš„ç»“æ„ä½“  
2022/07/06 18:48:13.830 [D] [value.go:543]  è§£æbodyè·å¾—data []
2022/07/06 18:48:13.830 [D] [value.go:543]  ä¿å­˜åçš„ç»“æ„ä½“  
2022/07/06 18:48:23.591 [D] [server.go:2879]  |            ::1|[42m 200 [0m|           0s| nomatch|[47m OPTIONS [0m /login
2022/07/06 18:48:23.593 [D] [value.go:543]  è§£æbodyè·å¾—data [123 34 97 99 99 111 117 110 116 34 58 34 100 115 97 100 115 97 100 115 97 34 44 34 112 97 115 115 119 111 114 100 34 58 34 100 115 100 97 115 100 115 97 100 115 97 100 97 34 125]
2022/07/06 18:48:23.593 [D] [value.go:543]  ä¿å­˜åçš„ç»“æ„ä½“ dsadsadsa dsdasdsadsada
2022/07/06 18:48:23.594 [D] [server.go:2879]  |            ::1|[42m 200 [0m|     1.6956ms|   match|[46m POST    [0m /login   r:/login
2022/07/06 18:48:25.344 [D] [server.go:2879]  |            ::1|[42m 200 [0m|           0s| nomatch|[47m OPTIONS [0m /login
2022/07/06 18:48:25.346 [D] [value.go:543]  è§£æbodyè·å¾—data [123 34 97 99 99 111 117 110 116 34 58 34 100 115 97 100 115 97 100 115 97 34 44 34 112 97 115 115 119 111 114 100 34 58 34 100 115 100 97 115 100 115 97 100 115 97 100 97 34 125]
2022/07/06 18:48:25.347 [D] [value.go:543]  ä¿å­˜åçš„ç»“æ„ä½“ dsadsadsa dsdasdsadsada
2022/07/06 18:48:25.347 [D] [server.go:2879]  |            ::1|[42m 200 [0m|      1.813ms|   match|[46m POST    [0m /login   r:/login
2022/07/06 18:48:41.885 [D] [server.go:2879]  |            ::1|[42m 200 [0m|           0s| nomatch|[47m OPTIONS [0m /login
2022/07/06 18:48:41.888 [D] [value.go:543]  è§£æbodyè·å¾—data [123 34 97 99 99 111 117 110 116 34 58 34 100 115 97 100 115 97 100 115 97 34 44 34 112 97 115 115 119 111 114 100 34 58 34 100 115 100 97 115 100 115 97 100 115 97 100 97 34 125]
2022/07/06 18:48:41.888 [D] [value.go:543]  ä¿å­˜åçš„ç»“æ„ä½“ dsadsadsa dsdasdsadsada
2022/07/06 18:48:41.888 [D] [server.go:2879]  |            ::1|[42m 200 [0m|     1.6626ms|   match|[46m POST    [0m /login   r:/login
2022/07/06 18:48:42.728 [D] [server.go:2879]  |            ::1|[42m 200 [0m|           0s| nomatch|[47m OPTIONS [0m /login
2022/07/06 18:48:42.731 [D] [value.go:543]  è§£æbodyè·å¾—data [123 34 97 99 99 111 117 110 116 34 58 34 100 115 97 100 115 97 100 115 97 34 44 34 112 97 115 115 119 111 114 100 34 58 34 100 115 100 97 115 100 115 97 100 115 97 100 97 34 125]
2022/07/06 18:48:42.731 [D] [value.go:543]  ä¿å­˜åçš„ç»“æ„ä½“ dsadsadsa dsdasdsadsada
2022/07/06 18:48:42.731 [D] [server.go:2879]  |            ::1|[42m 200 [0m|     1.8423ms|   match|[46m POST    [0m /login   r:/login
2022/07/06 18:48:52.544 [D] [server.go:2879]  |            ::1|[42m 200 [0m|           0s| nomatch|[47m OPTIONS [0m /login
2022/07/06 18:48:52.547 [D] [value.go:543]  è§£æbodyè·å¾—data [123 34 97 99 99 111 117 110 116 34 58 34 100 115 97 100 115 97 100 115 97 34 44 34 112 97 115 115 119 111 114 100 34 58 34 100 115 100 97 115 100 115 97 100 115 97 100 97 34 125]
2022/07/06 18:48:52.548 [D] [value.go:543]  ä¿å­˜åçš„ç»“æ„ä½“ dsadsadsa dsdasdsadsada
2022/07/06 18:48:52.548 [D] [server.go:2879]  |            ::1|[42m 200 [0m|     1.9017ms|   match|[46m POST    [0m /login   r:/login
2022/07/06 18:48:53.369 [D] [server.go:2879]  |            ::1|[42m 200 [0m|           0s| nomatch|[47m OPTIONS [0m /login
2022/07/06 18:48:53.372 [D] [value.go:543]  è§£æbodyè·å¾—data [123 34 97 99 99 111 117 110 116 34 58 34 100 115 97 100 115 97 100 115 97 34 44 34 112 97 115 115 119 111 114 100 34 58 34 100 115 100 97 115 100 115 97 100 115 97 100 97 34 125]
2022/07/06 18:48:53.373 [D] [value.go:543]  ä¿å­˜åçš„ç»“æ„ä½“ dsadsadsa dsdasdsadsada
2022/07/06 18:48:53.373 [D] [server.go:2879]  |            ::1|[42m 200 [0m|     1.9625ms|   match|[46m POST    [0m /login   r:/login
2022/07/06 18:49:03.126 [D] [server.go:2879]  |            ::1|[42m 200 [0m|           0s| nomatch|[47m OPTIONS [0m /login
2022/07/06 18:49:03.129 [D] [value.go:543]  è§£æbodyè·å¾—data [123 34 97 99 99 111 117 110 116 34 58 34 100 115 97 100 115 97 100 115 97 34 44 34 112 97 115 115 119 111 114 100 34 58 34 100 115 100 97 115 100 115 97 100 115 97 100 97 34 125]
2022/07/06 18:49:03.129 [D] [value.go:543]  ä¿å­˜åçš„ç»“æ„ä½“ dsadsadsa dsdasdsadsada
2022/07/06 18:49:03.129 [D] [server.go:2879]  |            ::1|[42m 200 [0m|     2.0158ms|   match|[46m POST    [0m /login   r:/login
2022/07/06 18:49:10.689 [D] [server.go:2879]  |            ::1|[42m 200 [0m|           0s| nomatch|[47m OPTIONS [0m /login
2022/07/06 18:49:10.692 [D] [value.go:543]  è§£æbodyè·å¾—data []
2022/07/06 18:49:10.692 [D] [value.go:543]  ä¿å­˜åçš„ç»“æ„ä½“  
2022/07/06 18:49:10.693 [D] [server.go:2879]  |            ::1|[42m 200 [0m|     2.4519ms|   match|[46m POST    [0m /login   r:/login
2022/07/06 18:49:27.138 [D] [server.go:2879]  |            ::1|[42m 200 [0m|      515.9Âµs| nomatch|[47m OPTIONS [0m /login
2022/07/06 18:49:27.140 [D] [value.go:543]  è§£æbodyè·å¾—data [123 34 97 99 99 111 117 110 116 34 58 34 100 115 97 100 115 97 100 115 97 34 44 34 112 97 115 115 119 111 114 100 34 58 34 100 115 100 97 115 100 115 97 100 115 97 100 97 34 125]
2022/07/06 18:49:27.140 [D] [value.go:543]  ä¿å­˜åçš„ç»“æ„ä½“ dsadsadsa dsdasdsadsada
2022/07/06 18:49:27.141 [D] [server.go:2879]  |            ::1|[42m 200 [0m|     1.9435ms|   match|[46m POST    [0m /login   r:/login
2022/07/06 18:49:30.058 [D] [server.go:2879]  |            ::1|[42m 200 [0m|           0s| nomatch|[47m OPTIONS [0m /login
2022/07/06 18:49:30.060 [D] [value.go:543]  è§£æbodyè·å¾—data [123 34 97 99 99 111 117 110 116 34 58 34 100 115 97 100 115 97 100 115 97 34 44 34 112 97 115 115 119 111 114 100 34 58 34 100 115 100 97 115 100 115 97 100 115 97 100 97 34 125]
2022/07/06 18:49:30.060 [D] [value.go:543]  ä¿å­˜åçš„ç»“æ„ä½“ dsadsadsa dsdasdsadsada
2022/07/06 18:49:30.061 [D] [server.go:2879]  |            ::1|[42m 200 [0m|     1.8087ms|   match|[46m POST    [0m /login   r:/login
2022/07/06 18:49:34.150 [D] [server.go:2879]  |            ::1|[42m 200 [0m|           0s| nomatch|[47m OPTIONS [0m /login
2022/07/06 18:49:34.152 [D] [value.go:543]  è§£æbodyè·å¾—data [123 34 97 99 99 111 117 110 116 34 58 34 100 115 97 100 115 97 100 115 97 34 44 34 112 97 115 115 119 111 114 100 34 58 34 100 115 100 97 115 100 115 97 100 115 97 100 97 34 125]
2022/07/06 18:49:34.153 [D] [value.go:543]  ä¿å­˜åçš„ç»“æ„ä½“ dsadsadsa dsdasdsadsada
2022/07/06 18:49:34.153 [D] [server.go:2879]  |            ::1|[42m 200 [0m|     2.0329ms|   match|[46m POST    [0m /login   r:/login
2022/07/06 18:50:43.790 [D] [server.go:2879]  |            ::1|[42m 200 [0m|      503.9Âµs| nomatch|[47m OPTIONS [0m /login
2022/07/06 18:50:43.794 [D] [value.go:543]  è§£æbodyè·å¾—data [123 34 97 99 99 111 117 110 116 34 58 34 100 115 97 100 115 97 100 115 97 34 44 34 112 97 115 115 119 111 114 100 34 58 34 100 115 100 97 115 100 115 97 100 115 97 100 97 34 125]
2022/07/06 18:50:43.794 [D] [value.go:543]  ä¿å­˜åçš„ç»“æ„ä½“ dsadsadsa dsdasdsadsada
2022/07/06 18:50:43.794 [D] [server.go:2879]  |            ::1|[42m 200 [0m|     2.9097ms|   match|[46m POST    [0m /login   r:/login
2022/07/06 18:50:44.495 [D] [server.go:2879]  |            ::1|[42m 200 [0m|           0s| nomatch|[47m OPTIONS [0m /login
2022/07/06 18:50:44.498 [D] [value.go:543]  è§£æbodyè·å¾—data [123 34 97 99 99 111 117 110 116 34 58 34 100 115 97 100 115 97 100 115 97 34 44 34 112 97 115 115 119 111 114 100 34 58 34 100 115 100 97 115 100 115 97 100 115 97 100 97 34 125]
2022/07/06 18:50:44.498 [D] [value.go:543]  ä¿å­˜åçš„ç»“æ„ä½“ dsadsadsa dsdasdsadsada
2022/07/06 18:50:44.498 [D] [server.go:2879]  |            ::1|[42m 200 [0m|     1.5263ms|   match|[46m POST    [0m /login   r:/login
2022/07/07 18:07:53.236 [D] [value.go:543]  è§£æbodyè·å¾—data [123 34 97 99 99 111 117 110 116 34 58 34 100 115 97 100 115 97 100 34 44 34 112 97 115 115 119 111 114 100 34 58 34 100 115 97 100 115 97 100 34 125]
2022/07/07 18:07:53.236 [D] [value.go:543]  ä¿å­˜åçš„ç»“æ„ä½“ dsadsad dsadsad
2022/07/07 18:07:53.237 [D] [server.go:2879]  |      127.0.0.1|[42m 200 [0m|     2.5867ms|   match|[46m POST    [0m /login   r:/login
2022/07/08 14:17:33.794 [D] [value.go:543]  è§£æbodyè·å¾—data [123 34 97 99 99 111 117 110 116 34 58 34 108 115 119 49 50 51 34 44 34 112 97 115 115 119 111 114 100 34 58 34 108 115 119 49 50 51 34 125]
2022/07/08 14:17:33.802 [D] [server.go:2879]  |      127.0.0.1|[42m 200 [0m|     8.2116ms|   match|[46m POST    [0m /register   r:/register
2022/07/08 14:20:34.546 [D] [value.go:543]  è§£æbodyè·å¾—data [123 34 97 99 99 111 117 110 116 34 58 34 108 115 119 49 50 51 34 44 34 112 97 115 115 119 111 114 100 34 58 34 100 115 97 100 115 97 100 34 125]
2022/07/08 14:20:34.550 [D] [server.go:2879]  |      127.0.0.1|[42m 200 [0m|     4.8414ms|   match|[46m POST    [0m /register   r:/register
2022/07/08 14:21:18.357 [D] [value.go:543]  è§£æbodyè·å¾—data [123 34 97 99 99 111 117 110 116 34 58 34 108 115 119 49 50 51 34 44 34 112 97 115 115 119 111 114 100 34 58 34 100 115 97 100 115 97 100 34 125]
2022/07/08 14:21:18.359 [D] [server.go:2879]  |      127.0.0.1|[42m 200 [0m|     2.0561ms|   match|[46m POST    [0m /register   r:/register
2022/07/08 14:23:47.944 [D] [value.go:543]  è§£æbodyè·å¾—data [123 34 97 99 99 111 117 110 116 34 58 34 108 115 119 49 52 55 34 44 34 112 97 115 115 119 111 114 100 34 58 34 108 115 119 49 52 55 34 125]
2022/07/08 14:23:47.949 [D] [server.go:2879]  |      127.0.0.1|[42m 200 [0m|      5.397ms|   match|[46m POST    [0m /register   r:/register
2022/07/08 14:24:47.902 [D] [value.go:543]  è§£æbodyè·å¾—data [123 34 97 99 99 111 117 110 116 34 58 34 108 115 119 49 52 55 49 34 44 34 112 97 115 115 119 111 114 100 34 58 34 108 115 119 49 52 55 49 34 125]
2022/07/08 14:24:47.904 [D] [server.go:2879]  |      127.0.0.1|[42m 200 [0m|      2.571ms|   match|[46m POST    [0m /register   r:/register
2022/07/08 14:25:08.380 [D] [value.go:543]  è§£æbodyè·å¾—data [123 34 97 99 99 111 117 110 116 34 58 34 120 98 49 50 51 34 44 34 112 97 115 115 119 111 114 100 34 58 34 120 98 49 50 51 34 125]
2022/07/08 14:25:08.382 [D] [server.go:2879]  |      127.0.0.1|[42m 200 [0m|     2.8171ms|   match|[46m POST    [0m /register   r:/register
2022/07/08 14:26:22.784 [D] [value.go:543]  è§£æbodyè·å¾—data [123 34 117 110 97 109 101 34 58 34 108 115 119 49 52 55 34 44 34 97 99 99 111 117 110 116 34 58 34 108 115 119 49 52 55 34 44 34 112 97 115 115 119 111 114 100 34 58 34 108 115 119 49 52 55 34 125]
2022/07/08 14:26:22.789 [D] [server.go:2879]  |      127.0.0.1|[42m 200 [0m|     4.5413ms|   match|[46m POST    [0m /register   r:/register
2022/07/08 14:26:30.559 [D] [value.go:543]  è§£æbodyè·å¾—data [123 34 97 99 99 111 117 110 116 34 58 34 107 108 115 119 49 53 54 34 44 34 112 97 115 115 119 111 114 100 34 58 34 100 115 97 100 97 100 34 125]
2022/07/08 14:26:30.560 [D] [server.go:2879]  |      127.0.0.1|[42m 200 [0m|     2.0584ms|   match|[46m POST    [0m /login   r:/login
2022/07/08 14:26:43.257 [D] [value.go:543]  è§£æbodyè·å¾—data [123 34 97 99 99 111 117 110 116 34 58 34 108 115 119 49 52 55 34 44 34 112 97 115 115 119 111 114 100 34 58 34 108 115 119 49 52 55 34 125]
2022/07/08 14:26:43.258 [D] [server.go:2879]  |      127.0.0.1|[42m 200 [0m|     2.0417ms|   match|[46m POST    [0m /login   r:/login
2022/07/08 16:10:12.301 [D] [value.go:543]  è§£æbodyè·å¾—data [123 34 97 99 99 111 117 110 116 34 58 34 108 115 119 49 50 51 34 44 34 112 97 115 115 119 111 114 100 34 58 34 108 115 119 49 50 51 34 125]
2022/07/08 16:10:12.304 [D] [server.go:2879]  |      127.0.0.1|[42m 200 [0m|      4.461ms|   match|[46m POST    [0m /login   r:/login
2022/07/08 16:10:22.882 [D] [value.go:543]  è§£æbodyè·å¾—data [123 34 97 99 99 111 117 110 116 34 58 34 108 115 119 49 52 55 34 44 34 112 97 115 115 119 111 114 100 34 58 34 108 115 119 49 52 55 34 125]
2022/07/08 16:10:22.883 [D] [server.go:2879]  |      127.0.0.1|[42m 200 [0m|     2.0649ms|   match|[46m POST    [0m /login   r:/login
